<?xml version="1.0" encoding="UTF-8"?>
<!-- Generated by org.testng.reporters.JUnitReportReporter -->
<testsuite hostname="DESKTOP-SDJM71R" failures="0" tests="4" name="day17.OrangeHRMTest" time="9.287" errors="0" timestamp="2025-02-09T21:27:42 GMT+06:00" skipped="0">
  <testcase classname="day17.OrangeHRMTest" name="openApp" time="5.881"/>
  <system-out/>
  <testcase classname="day17.OrangeHRMTest" name="logoTest" time="3.037"/>
  <system-out/>
  <testcase classname="day17.OrangeHRMTest" name="loginTest" time="0.176"/>
  <system-out/>
  <testcase classname="day17.OrangeHRMTest" name="closeApp" time="0.193"/>
  <system-out/>
</testsuite> <!-- day17.OrangeHRMTest -->
