<?xml version="1.0" encoding="UTF-8"?>
<!-- Generated by org.testng.reporters.JUnitReportReporter -->
<testsuite hostname="DESKTOP-SDJM71R" failures="0" tests="2" name="day18.pack.c1" time="0.024" errors="0" timestamp="2025-02-12T10:19:15 GMT+06:00" skipped="0">
  <testcase classname="day18.pack.c1" name="abc" time="0.002"/>
  <system-out/>
  <testcase classname="day18.pack.c1" name="abc" time="0.022"/>
  <system-out/>
</testsuite> <!-- day18.pack.c1 -->
