<?xml version="1.0" encoding="UTF-8"?>
<!-- Generated by org.testng.reporters.JUnitReportReporter -->
<testsuite hostname="DESKTOP-SDJM71R" failures="0" tests="2" name="day18.AnnotationsDemo2" time="0.009" errors="0" timestamp="2025-02-09T22:14:34 GMT+06:00" skipped="0">
  <testcase classname="day18.AnnotationsDemo2" name="search" time="0.007"/>
  <system-out/>
  <testcase classname="day18.AnnotationsDemo2" name="advanceSearch" time="0.002"/>
  <system-out/>
</testsuite> <!-- day18.AnnotationsDemo2 -->
