<?xml version="1.0" encoding="UTF-8"?>
<!-- Generated by org.testng.reporters.JUnitReportReporter -->
<testsuite hostname="DESKTOP-SDJM71R" failures="0" tests="1" name="day22.LoginTest" time="4.051" errors="0" timestamp="2025-02-13T11:32:27 GMT+06:00" skipped="0">
  <testcase classname="day22.LoginTest" name="logintest" time="4.051"/>
  <system-out/>
</testsuite> <!-- day22.LoginTest -->
