<?xml version="1.0" encoding="UTF-8"?>
<!-- Generated by org.testng.reporters.JUnitReportReporter -->
<testsuite hostname="DESKTOP-SDJM71R" failures="0" tests="2" name="day18.AllAnnotations" time="0.053" errors="0" timestamp="2025-02-12T10:38:08 GMT+06:00" skipped="0">
  <testcase classname="day18.AllAnnotations" name="t1" time="0.047"/>
  <system-out/>
  <testcase classname="day18.AllAnnotations" name="t2" time="0.006"/>
  <system-out/>
</testsuite> <!-- day18.AllAnnotations -->
