<?xml version="1.0" encoding="UTF-8"?>
<!-- Generated by org.testng.reporters.JUnitReportReporter -->
<testsuite hostname="DESKTOP-SDJM71R" failures="0" tests="2" name="day18.pack.c2" time="0.004" errors="0" timestamp="2025-02-12T10:19:15 GMT+06:00" skipped="0">
  <testcase classname="day18.pack.c2" name="xyz" time="0.003"/>
  <system-out/>
  <testcase classname="day18.pack.c2" name="xyz" time="0.001"/>
  <system-out/>
</testsuite> <!-- day18.pack.c2 -->
