<?xml version="1.0" encoding="UTF-8"?>
<!-- Generated by org.testng.reporters.JUnitReportReporter -->
<testsuite hostname="DESKTOP-SDJM71R" failures="0" tests="3" name="day17.FirstTestCase" time="0.014" errors="0" timestamp="2025-02-09T16:51:23 GMT+06:00" skipped="0">
  <testcase classname="day17.FirstTestCase" name="openApp" time="0.012"/>
  <system-out/>
  <testcase classname="day17.FirstTestCase" name="login" time="0.001"/>
  <system-out/>
  <testcase classname="day17.FirstTestCase" name="logout" time="0.001"/>
  <system-out/>
</testsuite> <!-- day17.FirstTestCase -->
