<?xml version="1.0" encoding="UTF-8"?>
<!-- Generated by org.testng.reporters.JUnitReportReporter -->
<testsuite hostname="DESKTOP-SDJM71R" failures="0" tests="2" name="day19.PaymentTests" time="0.002" errors="0" timestamp="2025-02-12T16:09:11 GMT+06:00" skipped="0">
  <testcase classname="day19.PaymentTests" name="paymentInTk" time="0.001"/>
  <system-out/>
  <testcase classname="day19.PaymentTests" name="paymentInDollar" time="0.001"/>
  <system-out/>
</testsuite> <!-- day19.PaymentTests -->
