<?xml version="1.0" encoding="UTF-8"?>
<!-- Generated by org.testng.reporters.JUnitReportReporter -->
<testsuite hostname="DESKTOP-SDJM71R" failures="0" tests="3" name="day19.LoginTests" time="0.016" errors="0" timestamp="2025-02-12T16:11:06 GMT+06:00" skipped="0">
  <testcase classname="day19.LoginTests" name="loginByEmail" time="0.013"/>
  <system-out/>
  <testcase classname="day19.LoginTests" name="loginByFacebook" time="0.001"/>
  <system-out/>
  <testcase classname="day19.LoginTests" name="loginByTwitter" time="0.002"/>
  <system-out/>
</testsuite> <!-- day19.LoginTests -->
